Program called with the following parameters:
 * downscale = 2
 * exportIntermediateResults = 0
 * imagesFolder = "D:/meshroom_sample/MeshroomCache/PrepareDenseScene/09a0240397ad7fa7c8b801b71b8baa10d68a8486"
 * input = "D:/meshroom_sample/MeshroomCache/StructureFromMotion/c09c96d30eedfb2a3127e2b6250dc939f51e76eb/sfm.abc"
 * maxViewAngle = 70
 * minViewAngle = 2
 * nbGPUs = 0
 * output = "D:/meshroom_sample/MeshroomCache/DepthMap/63062989235fd325b046886c52897f55048389be"
 * rangeSize = 3
 * rangeStart = 3
 * refineGammaC = 15.5
 * refineGammaP = 8
 * refineMaxTCams = 6
 * refineNDepthsToRefine = 31
 * refineNSamplesHalf = 150
 * refineNiters = 100
 * refineSigma = 15
 * refineUseTcOrRcPixSize = 0
 * refineWSH = 3
 * sgmGammaC = 5.5
 * sgmGammaP = 8
 * sgmMaxTCams = 10
 * sgmWSH = 4
 * verboseLevel = "info"

[13:02:48.615313][info] CUDA-Enabled GPU.
Device information:
	- id:                      0
	- name:                    NVIDIA GeForce RTX 3070 Laptop GPU
	- compute capability:      8.6
	- total device memory:     8191 MB 
	- device memory available: 7130 MB 
	- per-block shared memory: 49152
	- warp size:               32
	- max threads per block:   1024
	- max threads per SM(X):   1536
	- max block sizes:         {1024,1024,64}
	- max grid sizes:          {2147483647,65535,65535}
	- max 2D array texture:    {131072,65536}
	- max 3D array texture:    {16384,16384,16384}
	- max 2D linear texture:   {131072,65000,2097120}
	- max 2D layered texture:  {32768,32768,2048}
	- number of SM(x)s:        40
	- registers per SM(x):     65536
	- registers per block:     65536
	- concurrent kernels:      yes
	- mapping host memory:     yes
	- unified addressing:      yes
	- texture alignment:       512 byte
	- pitch alignment:         32 byte
[13:02:48.755643][info] Supported CUDA-Enabled GPU detected.
[13:02:48.755643][info] Found 1 image dimension(s): 
[13:02:48.755643][info] 	- [4032x3024]
[13:02:48.771526][info] Overall maximum dimension: [4032x3024]
[13:02:48.771753][info] Create depth maps.
number of CUDA devices:	1
   0: NVIDIA GeForce RTX 3070 Laptop GPU
[13:02:48.771753][info] # GPU devices: 1, # CPU threads: 16
[13:02:48.771753][info] Plane sweeping parameters:
	- scale: 2
	- step: 3
[13:02:48.771753][info] PlaneSweepingCuda:
	- _nImgsInGPUAtTime: 2
	- scales: 2
	- subPixel: Yes
	- varianceWSH: 4
CUDA device no 0 for 0
Device 0 memory - used: 1060.875000, free: 7130.625000, total: 8191.500000
Device 0 memory - used: 1179.000000, free: 7012.500000, total: 8191.500000
[13:02:48.776987][info] Found only 4/10 nearest cameras for view id: 1441667864
[13:02:48.782610][info] Found only 4/6 nearest cameras for view id: 1441667864
[13:02:50.878593][info] Estimate depth map, view id: 1441667864
Device 0 memory - used: 1310.562500, free: 6880.937500, total: 8191.500000
total size of volume map in GPU memory: 131.537109
nDepths 1069, nDepthsToSearch 1069 
ps_computeSimilarityVolume elapsed time: 10.000000 ms 
Device 0 memory - used: 1310.937500, free: 6880.562500, total: 8191.500000
total size of volume map in GPU memory: 131.906250
nDepths 1072, nDepthsToSearch 1072 
ps_computeSimilarityVolume elapsed time: 10.000000 ms 
Device 0 memory - used: 1292.750000, free: 6898.750000, total: 8191.500000
total size of volume map in GPU memory: 113.695312
nDepths 924, nDepthsToSearch 924 
ps_computeSimilarityVolume elapsed time: 8.000000 ms 
Device 0 memory - used: 1243.625000, free: 6947.875000, total: 8191.500000
total size of volume map in GPU memory: 64.599609
nDepths 525, nDepthsToSearch 525 
ps_computeSimilarityVolume elapsed time: 6.000000 ms 
ps_SGMoptimizeSimVolume
ps_updateAggrVolume
ps_aggregatePathVolume
ps_aggregatePathVolume done
ps_updateAggrVolume done
ps_updateAggrVolume
ps_aggregatePathVolume
ps_aggregatePathVolume done
ps_updateAggrVolume done
ps_updateAggrVolume
ps_aggregatePathVolume
ps_aggregatePathVolume done
ps_updateAggrVolume done
ps_updateAggrVolume
ps_aggregatePathVolume
ps_aggregatePathVolume done
ps_updateAggrVolume done
SGM volume gpu elapsed time: 187.000000 ms 
ps_SGMoptimizeSimVolume done
[13:02:53.650451][info] Refine depth map, view id: 1441667864
gpu elapsed time: 42.000000 ms 
gpu elapsed time: 45.000000 ms 
gpu elapsed time: 44.000000 ms 
gpu elapsed time: 38.000000 ms 
gpu elapsed time: 40.000000 ms 
gpu elapsed time: 45.000000 ms 
gpu elapsed time: 40.000000 ms 
gpu elapsed time: 34.000000 ms 
gpu elapsed time: 41.000000 ms 
gpu elapsed time: 43.000000 ms 
gpu elapsed time: 43.000000 ms 
gpu elapsed time: 42.000000 ms 
gpu elapsed time: 42.000000 ms 
gpu elapsed time: 44.000000 ms 
gpu elapsed time: 43.000000 ms 
gpu elapsed time: 35.000000 ms 
gpu elapsed time: 72.000000 ms 
gpu elapsed time: 72.000000 ms 
gpu elapsed time: 73.000000 ms 
gpu elapsed time: 72.000000 ms 
rc: 3, gpu elapsed time: 21.000000 ms 
rc: 3, gpu elapsed time: 22.000000 ms 
rc: 3, gpu elapsed time: 22.000000 ms 
rc: 3, gpu elapsed time: 25.000000 ms 
[13:02:55.697230][info] Found only 3/10 nearest cameras for view id: 1566599810
[13:02:55.697230][info] Found only 3/6 nearest cameras for view id: 1566599810
[13:02:55.697230][info] Estimate depth map, view id: 1566599810
Device 0 memory - used: 1275.375000, free: 6916.125000, total: 8191.500000
total size of volume map in GPU memory: 96.345703
nDepths 783, nDepthsToSearch 783 
ps_computeSimilarityVolume elapsed time: 8.000000 ms 
Device 0 memory - used: 1259.750000, free: 6931.750000, total: 8191.500000
total size of volume map in GPU memory: 80.718750
nDepths 656, nDepthsToSearch 656 
ps_computeSimilarityVolume elapsed time: 8.000000 ms 
Device 0 memory - used: 1259.250000, free: 6932.250000, total: 8191.500000
total size of volume map in GPU memory: 80.226562
nDepths 652, nDepthsToSearch 652 
ps_computeSimilarityVolume elapsed time: 7.000000 ms 
ps_SGMoptimizeSimVolume
ps_updateAggrVolume
ps_aggregatePathVolume
ps_aggregatePathVolume done
ps_updateAggrVolume done
ps_updateAggrVolume
ps_aggregatePathVolume
ps_aggregatePathVolume done
ps_updateAggrVolume done
ps_updateAggrVolume
ps_aggregatePathVolume
ps_aggregatePathVolume done
ps_updateAggrVolume done
ps_updateAggrVolume
ps_aggregatePathVolume
ps_aggregatePathVolume done
ps_updateAggrVolume done
SGM volume gpu elapsed time: 146.000000 ms 
ps_SGMoptimizeSimVolume done
[13:02:57.759149][info] Refine depth map, view id: 1566599810
gpu elapsed time: 42.000000 ms 
gpu elapsed time: 46.000000 ms 
gpu elapsed time: 45.000000 ms 
gpu elapsed time: 42.000000 ms 
gpu elapsed time: 43.000000 ms 
gpu elapsed time: 46.000000 ms 
gpu elapsed time: 45.000000 ms 
gpu elapsed time: 43.000000 ms 
gpu elapsed time: 40.000000 ms 
gpu elapsed time: 46.000000 ms 
gpu elapsed time: 44.000000 ms 
gpu elapsed time: 42.000000 ms 
gpu elapsed time: 57.000000 ms 
gpu elapsed time: 57.000000 ms 
gpu elapsed time: 57.000000 ms 
gpu elapsed time: 57.000000 ms 
rc: 4, gpu elapsed time: 21.000000 ms 
rc: 4, gpu elapsed time: 21.000000 ms 
rc: 4, gpu elapsed time: 22.000000 ms 
rc: 4, gpu elapsed time: 21.000000 ms 
[13:02:59.460300][info] Found only 5/10 nearest cameras for view id: 2127893832
[13:02:59.467832][info] Found only 5/6 nearest cameras for view id: 2127893832
[13:02:59.467832][info] Estimate depth map, view id: 2127893832
Device 0 memory - used: 1292.375000, free: 6899.125000, total: 8191.500000
total size of volume map in GPU memory: 113.326172
nDepths 921, nDepthsToSearch 921 
ps_computeSimilarityVolume elapsed time: 7.000000 ms 
Device 0 memory - used: 1292.375000, free: 6899.125000, total: 8191.500000
total size of volume map in GPU memory: 113.326172
nDepths 921, nDepthsToSearch 921 
ps_computeSimilarityVolume elapsed time: 9.000000 ms 
Device 0 memory - used: 1292.125000, free: 6899.375000, total: 8191.500000
total size of volume map in GPU memory: 113.080078
nDepths 919, nDepthsToSearch 919 
ps_computeSimilarityVolume elapsed time: 8.000000 ms 
Device 0 memory - used: 1264.937500, free: 6926.562500, total: 8191.500000
total size of volume map in GPU memory: 85.886719
nDepths 698, nDepthsToSearch 698 
ps_computeSimilarityVolume elapsed time: 7.000000 ms 
Device 0 memory - used: 1194.187500, free: 6997.312500, total: 8191.500000
total size of volume map in GPU memory: 15.134766
nDepths 123, nDepthsToSearch 123 
ps_computeSimilarityVolume elapsed time: 3.000000 ms 
ps_SGMoptimizeSimVolume
ps_updateAggrVolume
ps_aggregatePathVolume
ps_aggregatePathVolume done
ps_updateAggrVolume done
ps_updateAggrVolume
ps_aggregatePathVolume
ps_aggregatePathVolume done
ps_updateAggrVolume done
ps_updateAggrVolume
ps_aggregatePathVolume
ps_aggregatePathVolume done
ps_updateAggrVolume done
ps_updateAggrVolume
ps_aggregatePathVolume
ps_aggregatePathVolume done
ps_updateAggrVolume done
SGM volume gpu elapsed time: 165.000000 ms 
ps_SGMoptimizeSimVolume done
[13:03:01.569279][info] Refine depth map, view id: 2127893832
gpu elapsed time: 24.000000 ms 
gpu elapsed time: 44.000000 ms 
gpu elapsed time: 45.000000 ms 
gpu elapsed time: 42.000000 ms 
gpu elapsed time: 31.000000 ms 
gpu elapsed time: 43.000000 ms 
gpu elapsed time: 42.000000 ms 
gpu elapsed time: 37.000000 ms 
gpu elapsed time: 42.000000 ms 
gpu elapsed time: 44.000000 ms 
gpu elapsed time: 41.000000 ms 
gpu elapsed time: 37.000000 ms 
gpu elapsed time: 42.000000 ms 
gpu elapsed time: 45.000000 ms 
gpu elapsed time: 42.000000 ms 
gpu elapsed time: 38.000000 ms 
gpu elapsed time: 40.000000 ms 
gpu elapsed time: 46.000000 ms 
gpu elapsed time: 41.000000 ms 
gpu elapsed time: 37.000000 ms 
gpu elapsed time: 88.000000 ms 
gpu elapsed time: 87.000000 ms 
gpu elapsed time: 87.000000 ms 
gpu elapsed time: 87.000000 ms 
rc: 5, gpu elapsed time: 21.000000 ms 
rc: 5, gpu elapsed time: 22.000000 ms 
rc: 5, gpu elapsed time: 21.000000 ms 
rc: 5, gpu elapsed time: 25.000000 ms 
[13:03:03.987265][info] Task done in (s): 15.375000
