Program called with the following parameters:
 * downscale = 2
 * exportIntermediateResults = 0
 * imagesFolder = "D:/git/meshroom/meshroom_sample1_trunk/MeshroomCache/PrepareDenseScene/94985b7c76726133b3a384512b49d1187c0d1b7e"
 * input = "D:/git/meshroom/meshroom_sample1_trunk/MeshroomCache/StructureFromMotion/d437a3a6c708a1a0d566af17e9f091b46552caed/sfm.abc"
 * maxViewAngle = 70
 * minViewAngle = 2
 * nbGPUs = 0
 * output = "D:/git/meshroom/meshroom_sample1_trunk/MeshroomCache/DepthMap/efbb4545080abf863618612afd683b54450c82a5"
 * rangeSize = 3
 * rangeStart = 3
 * refineGammaC = 15.5
 * refineGammaP = 8
 * refineMaxTCams = 6
 * refineNDepthsToRefine = 31
 * refineNSamplesHalf = 150
 * refineNiters = 100
 * refineSigma = 15
 * refineUseTcOrRcPixSize = 0
 * refineWSH = 3
 * sgmGammaC = 5.5
 * sgmGammaP = 8
 * sgmMaxTCams = 10
 * sgmWSH = 4
 * verboseLevel = "info"

[10:02:11.977512][info] CUDA-Enabled GPU.
Device information:
	- id:                      0
	- name:                    NVIDIA GeForce RTX 3070 Laptop GPU
	- compute capability:      8.6
	- total device memory:     8191 MB 
	- device memory available: 7130 MB 
	- per-block shared memory: 49152
	- warp size:               32
	- max threads per block:   1024
	- max threads per SM(X):   1536
	- max block sizes:         {1024,1024,64}
	- max grid sizes:          {2147483647,65535,65535}
	- max 2D array texture:    {131072,65536}
	- max 3D array texture:    {16384,16384,16384}
	- max 2D linear texture:   {131072,65000,2097120}
	- max 2D layered texture:  {32768,32768,2048}
	- number of SM(x)s:        40
	- registers per SM(x):     65536
	- registers per block:     65536
	- concurrent kernels:      yes
	- mapping host memory:     yes
	- unified addressing:      yes
	- texture alignment:       512 byte
	- pitch alignment:         32 byte
[10:02:12.123110][info] Supported CUDA-Enabled GPU detected.
[10:02:12.130461][info] Found 1 image dimension(s): 
[10:02:12.130461][info] 	- [4032x3024]
[10:02:12.143811][info] Overall maximum dimension: [4032x3024]
[10:02:12.143811][info] Create depth maps.
number of CUDA devices:	1
   0: NVIDIA GeForce RTX 3070 Laptop GPU
[10:02:12.143811][info] # GPU devices: 1, # CPU threads: 16
[10:02:12.143811][info] Plane sweeping parameters:
	- scale: 2
	- step: 3
[10:02:12.143811][info] PlaneSweepingCuda:
	- _nImgsInGPUAtTime: 2
	- scales: 2
	- subPixel: Yes
	- varianceWSH: 4
CUDA device no 0 for 0
Device 0 memory - used: 1060.875000, free: 7130.625000, total: 8191.500000
Device 0 memory - used: 1179.000000, free: 7012.500000, total: 8191.500000
[10:02:12.143811][info] Found only 5/10 nearest cameras for view id: 1294299818
[10:02:12.150786][info] Found only 5/6 nearest cameras for view id: 1294299818
[10:02:14.867473][info] Estimate depth map, view id: 1294299818
Device 0 memory - used: 1259.875000, free: 6931.625000, total: 8191.500000
total size of volume map in GPU memory: 80.841797
nDepths 657, nDepthsToSearch 657 
ps_computeSimilarityVolume elapsed time: 8.000000 ms 
Device 0 memory - used: 1259.875000, free: 6931.625000, total: 8191.500000
total size of volume map in GPU memory: 80.841797
nDepths 657, nDepthsToSearch 657 
ps_computeSimilarityVolume elapsed time: 7.000000 ms 
Device 0 memory - used: 1259.875000, free: 6931.625000, total: 8191.500000
total size of volume map in GPU memory: 80.841797
nDepths 657, nDepthsToSearch 657 
ps_computeSimilarityVolume elapsed time: 7.000000 ms 
Device 0 memory - used: 1259.875000, free: 6931.625000, total: 8191.500000
total size of volume map in GPU memory: 80.841797
nDepths 657, nDepthsToSearch 657 
ps_computeSimilarityVolume elapsed time: 7.000000 ms 
Device 0 memory - used: 1259.875000, free: 6931.625000, total: 8191.500000
total size of volume map in GPU memory: 80.841797
nDepths 657, nDepthsToSearch 657 
ps_computeSimilarityVolume elapsed time: 7.000000 ms 
ps_SGMoptimizeSimVolume
ps_updateAggrVolume
ps_aggregatePathVolume
ps_aggregatePathVolume done
ps_updateAggrVolume done
ps_updateAggrVolume
ps_aggregatePathVolume
ps_aggregatePathVolume done
ps_updateAggrVolume done
ps_updateAggrVolume
ps_aggregatePathVolume
ps_aggregatePathVolume done
ps_updateAggrVolume done
ps_updateAggrVolume
ps_aggregatePathVolume
ps_aggregatePathVolume done
ps_updateAggrVolume done
SGM volume gpu elapsed time: 127.000000 ms 
ps_SGMoptimizeSimVolume done
[10:02:17.271676][info] Refine depth map, view id: 1294299818
gpu elapsed time: 39.000000 ms 
gpu elapsed time: 43.000000 ms 
gpu elapsed time: 43.000000 ms 
gpu elapsed time: 40.000000 ms 
gpu elapsed time: 36.000000 ms 
gpu elapsed time: 44.000000 ms 
gpu elapsed time: 44.000000 ms 
gpu elapsed time: 39.000000 ms 
gpu elapsed time: 21.000000 ms 
gpu elapsed time: 42.000000 ms 
gpu elapsed time: 42.000000 ms 
gpu elapsed time: 41.000000 ms 
gpu elapsed time: 23.000000 ms 
gpu elapsed time: 41.000000 ms 
gpu elapsed time: 44.000000 ms 
gpu elapsed time: 41.000000 ms 
gpu elapsed time: 36.000000 ms 
gpu elapsed time: 45.000000 ms 
gpu elapsed time: 47.000000 ms 
gpu elapsed time: 40.000000 ms 
gpu elapsed time: 88.000000 ms 
gpu elapsed time: 87.000000 ms 
gpu elapsed time: 87.000000 ms 
gpu elapsed time: 88.000000 ms 
rc: 3, gpu elapsed time: 22.000000 ms 
rc: 3, gpu elapsed time: 22.000000 ms 
rc: 3, gpu elapsed time: 22.000000 ms 
rc: 3, gpu elapsed time: 22.000000 ms 
[10:02:19.700624][info] Found only 5/10 nearest cameras for view id: 1708421501
[10:02:19.705861][info] Found only 5/6 nearest cameras for view id: 1708421501
[10:02:19.705861][info] Estimate depth map, view id: 1708421501
Device 0 memory - used: 1281.875000, free: 6909.625000, total: 8191.500000
total size of volume map in GPU memory: 102.867188
nDepths 836, nDepthsToSearch 836 
ps_computeSimilarityVolume elapsed time: 8.000000 ms 
Device 0 memory - used: 1281.875000, free: 6909.625000, total: 8191.500000
total size of volume map in GPU memory: 102.867188
nDepths 836, nDepthsToSearch 836 
ps_computeSimilarityVolume elapsed time: 8.000000 ms 
Device 0 memory - used: 1269.250000, free: 6922.250000, total: 8191.500000
total size of volume map in GPU memory: 90.193359
nDepths 733, nDepthsToSearch 733 
ps_computeSimilarityVolume elapsed time: 7.000000 ms 
Device 0 memory - used: 1240.687500, free: 6950.812500, total: 8191.500000
total size of volume map in GPU memory: 61.646484
nDepths 501, nDepthsToSearch 501 
ps_computeSimilarityVolume elapsed time: 6.000000 ms 
Device 0 memory - used: 1229.250000, free: 6962.250000, total: 8191.500000
total size of volume map in GPU memory: 50.203125
nDepths 408, nDepthsToSearch 408 
ps_computeSimilarityVolume elapsed time: 5.000000 ms 
ps_SGMoptimizeSimVolume
ps_updateAggrVolume
ps_aggregatePathVolume
ps_aggregatePathVolume done
ps_updateAggrVolume done
ps_updateAggrVolume
ps_aggregatePathVolume
ps_aggregatePathVolume done
ps_updateAggrVolume done
ps_updateAggrVolume
ps_aggregatePathVolume
ps_aggregatePathVolume done
ps_updateAggrVolume done
ps_updateAggrVolume
ps_aggregatePathVolume
ps_aggregatePathVolume done
ps_updateAggrVolume done
SGM volume gpu elapsed time: 152.000000 ms 
ps_SGMoptimizeSimVolume done
[10:02:21.697407][info] Refine depth map, view id: 1708421501
gpu elapsed time: 35.000000 ms 
gpu elapsed time: 43.000000 ms 
gpu elapsed time: 44.000000 ms 
gpu elapsed time: 38.000000 ms 
gpu elapsed time: 42.000000 ms 
gpu elapsed time: 45.000000 ms 
gpu elapsed time: 45.000000 ms 
gpu elapsed time: 40.000000 ms 
gpu elapsed time: 37.000000 ms 
gpu elapsed time: 44.000000 ms 
gpu elapsed time: 44.000000 ms 
gpu elapsed time: 41.000000 ms 
gpu elapsed time: 22.000000 ms 
gpu elapsed time: 44.000000 ms 
gpu elapsed time: 45.000000 ms 
gpu elapsed time: 42.000000 ms 
gpu elapsed time: 24.000000 ms 
gpu elapsed time: 41.000000 ms 
gpu elapsed time: 45.000000 ms 
gpu elapsed time: 42.000000 ms 
gpu elapsed time: 87.000000 ms 
gpu elapsed time: 88.000000 ms 
gpu elapsed time: 88.000000 ms 
gpu elapsed time: 87.000000 ms 
rc: 4, gpu elapsed time: 21.000000 ms 
rc: 4, gpu elapsed time: 21.000000 ms 
rc: 4, gpu elapsed time: 22.000000 ms 
rc: 4, gpu elapsed time: 22.000000 ms 
[10:02:24.127942][info] Found only 4/10 nearest cameras for view id: 1817637687
[10:02:24.134660][info] Found only 4/6 nearest cameras for view id: 1817637687
[10:02:24.134660][info] Estimate depth map, view id: 1817637687
Device 0 memory - used: 1310.312500, free: 6881.187500, total: 8191.500000
total size of volume map in GPU memory: 131.291016
nDepths 1067, nDepthsToSearch 1067 
ps_computeSimilarityVolume elapsed time: 10.000000 ms 
Device 0 memory - used: 1310.937500, free: 6880.562500, total: 8191.500000
total size of volume map in GPU memory: 131.906250
nDepths 1072, nDepthsToSearch 1072 
ps_computeSimilarityVolume elapsed time: 9.000000 ms 
Device 0 memory - used: 1292.625000, free: 6898.875000, total: 8191.500000
total size of volume map in GPU memory: 113.572266
nDepths 923, nDepthsToSearch 923 
ps_computeSimilarityVolume elapsed time: 9.000000 ms 
Device 0 memory - used: 1243.625000, free: 6947.875000, total: 8191.500000
total size of volume map in GPU memory: 64.599609
nDepths 525, nDepthsToSearch 525 
ps_computeSimilarityVolume elapsed time: 5.000000 ms 
ps_SGMoptimizeSimVolume
ps_updateAggrVolume
ps_aggregatePathVolume
ps_aggregatePathVolume done
ps_updateAggrVolume done
ps_updateAggrVolume
ps_aggregatePathVolume
ps_aggregatePathVolume done
ps_updateAggrVolume done
ps_updateAggrVolume
ps_aggregatePathVolume
ps_aggregatePathVolume done
ps_updateAggrVolume done
ps_updateAggrVolume
ps_aggregatePathVolume
ps_aggregatePathVolume done
ps_updateAggrVolume done
SGM volume gpu elapsed time: 189.000000 ms 
ps_SGMoptimizeSimVolume done
[10:02:26.354254][info] Refine depth map, view id: 1817637687
gpu elapsed time: 42.000000 ms 
gpu elapsed time: 44.000000 ms 
gpu elapsed time: 44.000000 ms 
gpu elapsed time: 38.000000 ms 
gpu elapsed time: 41.000000 ms 
gpu elapsed time: 44.000000 ms 
gpu elapsed time: 39.000000 ms 
gpu elapsed time: 33.000000 ms 
gpu elapsed time: 42.000000 ms 
gpu elapsed time: 44.000000 ms 
gpu elapsed time: 42.000000 ms 
gpu elapsed time: 44.000000 ms 
gpu elapsed time: 43.000000 ms 
gpu elapsed time: 44.000000 ms 
gpu elapsed time: 43.000000 ms 
gpu elapsed time: 36.000000 ms 
gpu elapsed time: 72.000000 ms 
gpu elapsed time: 72.000000 ms 
gpu elapsed time: 73.000000 ms 
gpu elapsed time: 72.000000 ms 
rc: 5, gpu elapsed time: 21.000000 ms 
rc: 5, gpu elapsed time: 22.000000 ms 
rc: 5, gpu elapsed time: 22.000000 ms 
rc: 5, gpu elapsed time: 22.000000 ms 
[10:02:28.474537][info] Task done in (s): 16.497000
